Using pre-set license
Built from '2020.3/staging' branch; Version is '2020.3.25f1 (9b9180224418) revision 10195328'; Using compiler version '192528614'; Build Type 'Release'
OS: 'Windows 10  (10.0.19042) 64bit Professional' Language: 'en' Physical Memory: 32694 MB
BatchMode: 1, IsHumanControllingUs: 0, StartBugReporterOnCrash: 0, Is64bit: 1, IsPro: 0

COMMAND LINE ARGUMENTS:
C:\Program Files\Unity\Hub\Editor\2020.3.25f1\Editor\Unity.exe
-adb2
-batchMode
-noUpm
-name
AssetImportWorker0
-projectPath
C:/Unity-Projects/AlienVideoGame/CC_Shaders
-logFile
Logs/AssetImportWorker0.log
-srvPort
56693
Successfully changed project path to: C:/Unity-Projects/AlienVideoGame/CC_Shaders
C:/Unity-Projects/AlienVideoGame/CC_Shaders
Using Asset Import Pipeline V2.
Refreshing native plugins compatible for Editor in 53.66 ms, found 2 plugins.
Preloading 0 native plugins for Editor in 0.00 ms.
Initialize engine version: 2020.3.25f1 (9b9180224418)
[Subsystems] Discovering subsystems at path C:/Program Files/Unity/Hub/Editor/2020.3.25f1/Editor/Data/Resources/UnitySubsystems
[Subsystems] Discovering subsystems at path C:/Unity-Projects/AlienVideoGame/CC_Shaders/Assets
GfxDevice: creating device client; threaded=0
Direct3D:
    Version:  Direct3D 11.0 [level 11.1]
    Renderer: NVIDIA GeForce GTX 1070 (ID=0x1b81)
    Vendor:   
    VRAM:     8088 MB
    Driver:   30.0.14.9649
Initialize mono
Mono path[0] = 'C:/Program Files/Unity/Hub/Editor/2020.3.25f1/Editor/Data/Managed'
Mono path[1] = 'C:/Program Files/Unity/Hub/Editor/2020.3.25f1/Editor/Data/MonoBleedingEdge/lib/mono/unityjit'
Mono config path = 'C:/Program Files/Unity/Hub/Editor/2020.3.25f1/Editor/Data/MonoBleedingEdge/etc'
Using monoOptions --debugger-agent=transport=dt_socket,embedding=1,server=y,suspend=n,address=127.0.0.1:56996
Begin MonoManager ReloadAssembly
Registering precompiled unity dll's ...
Register platform support module: C:/Program Files/Unity/Hub/Editor/2020.3.25f1/Editor/Data/PlaybackEngines/WebGLSupport/UnityEditor.WebGL.Extensions.dll
Register platform support module: C:/Program Files/Unity/Hub/Editor/2020.3.25f1/Editor/Data/PlaybackEngines/WindowsStandaloneSupport/UnityEditor.WindowsStandalone.Extensions.dll
Registered in 0.002028 seconds.
Native extension for WindowsStandalone target not found
Native extension for WebGL target not found
Refreshing native plugins compatible for Editor in 51.89 ms, found 2 plugins.
Preloading 0 native plugins for Editor in 0.00 ms.
Mono: successfully reloaded assembly
- Completed reload, in  0.488 seconds
Domain Reload Profiling:
	ReloadAssembly (488ms)
		BeginReloadAssembly (44ms)
			ExecutionOrderSort (0ms)
			DisableScriptedObjects (0ms)
			BackupInstance (0ms)
			ReleaseScriptingObjects (0ms)
			CreateAndSetChildDomain (1ms)
		EndReloadAssembly (382ms)
			LoadAssemblies (43ms)
			RebuildTransferFunctionScriptingTraits (0ms)
			SetupTypeCache (121ms)
			ReleaseScriptCaches (0ms)
			RebuildScriptCaches (25ms)
			SetupLoadedEditorAssemblies (153ms)
				LogAssemblyErrors (0ms)
				InitializePlatformSupportModulesInManaged (4ms)
				SetLoadedEditorAssemblies (0ms)
				RefreshPlugins (52ms)
				BeforeProcessingInitializeOnLoad (11ms)
				ProcessInitializeOnLoadAttributes (65ms)
				ProcessInitializeOnLoadMethodAttributes (21ms)
				AfterProcessingInitializeOnLoad (0ms)
				EditorAssembliesLoaded (0ms)
			ExecutionOrderSort2 (0ms)
			AwakeInstancesAfterBackupRestoration (0ms)
Platform modules already initialized, skipping
Registering precompiled user dll's ...
Registered in 0.004237 seconds.
Begin MonoManager ReloadAssembly
Native extension for WindowsStandalone target not found
Native extension for WebGL target not found
Refreshing native plugins compatible for Editor in 52.11 ms, found 2 plugins.
Preloading 0 native plugins for Editor in 0.00 ms.
Mono: successfully reloaded assembly
- Completed reload, in  0.983 seconds
Domain Reload Profiling:
	ReloadAssembly (983ms)
		BeginReloadAssembly (118ms)
			ExecutionOrderSort (0ms)
			DisableScriptedObjects (4ms)
			BackupInstance (0ms)
			ReleaseScriptingObjects (0ms)
			CreateAndSetChildDomain (16ms)
		EndReloadAssembly (810ms)
			LoadAssemblies (73ms)
			RebuildTransferFunctionScriptingTraits (0ms)
			SetupTypeCache (275ms)
			ReleaseScriptCaches (1ms)
			RebuildScriptCaches (63ms)
			SetupLoadedEditorAssemblies (299ms)
				LogAssemblyErrors (0ms)
				InitializePlatformSupportModulesInManaged (4ms)
				SetLoadedEditorAssemblies (0ms)
				RefreshPlugins (52ms)
				BeforeProcessingInitializeOnLoad (79ms)
				ProcessInitializeOnLoadAttributes (151ms)
				ProcessInitializeOnLoadMethodAttributes (8ms)
				AfterProcessingInitializeOnLoad (5ms)
				EditorAssembliesLoaded (0ms)
			ExecutionOrderSort2 (0ms)
			AwakeInstancesAfterBackupRestoration (5ms)
Platform modules already initialized, skipping
========================================================================
Worker process is ready to serve import requests
Launched and connected shader compiler UnityShaderCompiler.exe after 0.05 seconds
Refreshing native plugins compatible for Editor in 0.61 ms, found 2 plugins.
Preloading 0 native plugins for Editor in 0.00 ms.
Unloading 3330 Unused Serialized files (Serialized files now loaded: 0)
System memory in use before: 144.2 MB.
System memory in use after: 144.4 MB.

Unloading 20 unused Assets to reduce memory usage. Loaded Objects now: 3762.
Total: 3.103200 ms (FindLiveObjects: 0.257100 ms CreateObjectMapping: 0.084400 ms MarkObjects: 2.684300 ms  DeleteObjects: 0.075900 ms)

AssetImportParameters requested are different than current active one (requested -> active):
  custom:framework-win-MediaFoundation: 216162199b28c13a410421893ffa2e32 -> 
  custom:video-decoder-ogg-theora: a1e56fd34408186e4bbccfd4996cb3dc -> 
  custom:container-muxer-webm: aa71ff27fc2769a1b78a27578f13a17b -> 
  custom:container-demuxer-webm: 4f35f7cbe854078d1ac9338744f61a02 -> 
  custom:container-demuxer-ogg: 62fdf1f143b41e24485cea50d1cbac27 -> 
  custom:video-encoder-webm-vp8: eb34c28f22e8b96e1ab97ce403110664 -> 
  custom:video-decoder-webm-vp8: 9c59270c3fd7afecdb556c50c9e8de78 -> 
  custom:audio-decoder-ogg-vorbis: bf7c407c2cedff20999df2af8eb42d56 -> 
  custom:audio-encoder-webm-vorbis: bf7c407c2cedff20999df2af8eb42d56 -> 
========================================================================
Received Import Request.
  path: Assets/CreativeCore_Shaders/Textures/Tiled Textures
  artifactKey: Guid(cbb913b2a0d25c7409478381e716f763) Importer(815301076,1909f56bfc062723c751e8b465ee728b)
Start importing Assets/CreativeCore_Shaders/Textures/Tiled Textures using Guid(cbb913b2a0d25c7409478381e716f763) Importer(815301076,1909f56bfc062723c751e8b465ee728b)  -> (artifact id: 'd907e52903722da006e54c2193a6da24') in 0.008927 seconds 
  Import took 0.013351 seconds .

========================================================================
Received Import Request.
  Time since last request: 6.740641 seconds.
  path: Assets/CreativeCore_Shaders/Textures/Tiled Textures/Concrete_1_Albedo.png
  artifactKey: Guid(129174afa8c13cf449b1876c9d618461) Importer(815301076,1909f56bfc062723c751e8b465ee728b)
Start importing Assets/CreativeCore_Shaders/Textures/Tiled Textures/Concrete_1_Albedo.png using Guid(129174afa8c13cf449b1876c9d618461) Importer(815301076,1909f56bfc062723c751e8b465ee728b)  -> (artifact id: '4b7da5872fb294d43799d2245aa1cb08') in 0.075570 seconds 
  Import took 0.080294 seconds .

========================================================================
Received Import Request.
  Time since last request: 0.533896 seconds.
  path: Assets/CreativeCore_Shaders/Textures/Tiled Textures/ChainFence_Albedo.png
  artifactKey: Guid(9832326b7d483914d84dd90ce5eaee6c) Importer(815301076,1909f56bfc062723c751e8b465ee728b)
Start importing Assets/CreativeCore_Shaders/Textures/Tiled Textures/ChainFence_Albedo.png using Guid(9832326b7d483914d84dd90ce5eaee6c) Importer(815301076,1909f56bfc062723c751e8b465ee728b)  -> (artifact id: '9817afe180c62cf75b5377ecf856e214') in 0.010940 seconds 
  Import took 0.015857 seconds .

========================================================================
Received Import Request.
  Time since last request: 4.350657 seconds.
  path: Assets/CreativeCore_Shaders/Textures/Tiled Textures/Concrete_1_AmbientOcclusion.png
  artifactKey: Guid(f4e26cd6347ae9e4998df2f389c62a2c) Importer(815301076,1909f56bfc062723c751e8b465ee728b)
Start importing Assets/CreativeCore_Shaders/Textures/Tiled Textures/Concrete_1_AmbientOcclusion.png using Guid(f4e26cd6347ae9e4998df2f389c62a2c) Importer(815301076,1909f56bfc062723c751e8b465ee728b)  -> (artifact id: '5828366bdcea1765bffd52c9de35ca54') in 0.010082 seconds 
  Import took 0.014816 seconds .

========================================================================
Received Import Request.
  Time since last request: 0.527737 seconds.
  path: Assets/CreativeCore_Shaders/Textures/Tiled Textures/Concrete_2_Dry_Albedo.png
  artifactKey: Guid(aef6b2baaa9a27942847749c9cf13b3a) Importer(815301076,1909f56bfc062723c751e8b465ee728b)
Start importing Assets/CreativeCore_Shaders/Textures/Tiled Textures/Concrete_2_Dry_Albedo.png using Guid(aef6b2baaa9a27942847749c9cf13b3a) Importer(815301076,1909f56bfc062723c751e8b465ee728b)  -> (artifact id: '37816d84f8c3d082ec475f25fb24e502') in 0.009253 seconds 
  Import took 0.014004 seconds .

========================================================================
Received Import Request.
  Time since last request: 1.486095 seconds.
  path: Assets/CreativeCore_Shaders/Textures/Tiled Textures/Concrete_1_Normal.png
  artifactKey: Guid(cc8eb6535e1e6c64e9f52a3e04ad6012) Importer(815301076,1909f56bfc062723c751e8b465ee728b)
Start importing Assets/CreativeCore_Shaders/Textures/Tiled Textures/Concrete_1_Normal.png using Guid(cc8eb6535e1e6c64e9f52a3e04ad6012) Importer(815301076,1909f56bfc062723c751e8b465ee728b)  -> (artifact id: 'ec30be60a447090736bcb2766c7a9b25') in 0.025319 seconds 
  Import took 0.029839 seconds .

========================================================================
Received Import Request.
  Time since last request: 3.161501 seconds.
  path: Assets/CreativeCore_Shaders/Textures/Tiled Textures/Concrete_2_Dry_AmbientOcclusion.png
  artifactKey: Guid(9d0dc3504b64f7a47a8e098c603b02ab) Importer(815301076,1909f56bfc062723c751e8b465ee728b)
Start importing Assets/CreativeCore_Shaders/Textures/Tiled Textures/Concrete_2_Dry_AmbientOcclusion.png using Guid(9d0dc3504b64f7a47a8e098c603b02ab) Importer(815301076,1909f56bfc062723c751e8b465ee728b)  -> (artifact id: '5a5f0b01356bc591f7eec8d46b9f66dc') in 0.009501 seconds 
  Import took 0.014431 seconds .

========================================================================
Received Import Request.
  Time since last request: 0.299896 seconds.
  path: Assets/CreativeCore_Shaders/Textures/Tiled Textures/Concrete_2_Dry_Normal.png
  artifactKey: Guid(fc03ebd24aece2244b6603f23d00532e) Importer(815301076,1909f56bfc062723c751e8b465ee728b)
Start importing Assets/CreativeCore_Shaders/Textures/Tiled Textures/Concrete_2_Dry_Normal.png using Guid(fc03ebd24aece2244b6603f23d00532e) Importer(815301076,1909f56bfc062723c751e8b465ee728b)  -> (artifact id: '940000356d97848f5f526c7b9bfcece9') in 0.009232 seconds 
  Import took 0.014191 seconds .

========================================================================
Received Import Request.
  Time since last request: 0.160261 seconds.
  path: Assets/CreativeCore_Shaders/Textures/Tiled Textures/Concrete_MetallicSmooth.png
  artifactKey: Guid(0f83285a8980ac345a263af0332a3ace) Importer(815301076,1909f56bfc062723c751e8b465ee728b)
Start importing Assets/CreativeCore_Shaders/Textures/Tiled Textures/Concrete_MetallicSmooth.png using Guid(0f83285a8980ac345a263af0332a3ace) Importer(815301076,1909f56bfc062723c751e8b465ee728b)  -> (artifact id: 'fa8f4d2b6cecfe6d75d3170575767c29') in 0.008629 seconds 
  Import took 0.013155 seconds .

========================================================================
Received Import Request.
  Time since last request: 0.142547 seconds.
  path: Assets/CreativeCore_Shaders/Textures/Tiled Textures/Metal_Albedo.tif
  artifactKey: Guid(a843d95529591d5469af7a29a3d8638b) Importer(815301076,1909f56bfc062723c751e8b465ee728b)
Start importing Assets/CreativeCore_Shaders/Textures/Tiled Textures/Metal_Albedo.tif using Guid(a843d95529591d5469af7a29a3d8638b) Importer(815301076,1909f56bfc062723c751e8b465ee728b)  -> (artifact id: '42b51451e3b4094397f9ed2af36767f4') in 0.012299 seconds 
  Import took 0.017263 seconds .

========================================================================
Received Import Request.
  Time since last request: 0.781257 seconds.
  path: Assets/CreativeCore_Shaders/Textures/Tiled Textures/Metal_MetallicSmoothness.tif
  artifactKey: Guid(5f4305cce6302fc42abf0377a572faf7) Importer(815301076,1909f56bfc062723c751e8b465ee728b)
Start importing Assets/CreativeCore_Shaders/Textures/Tiled Textures/Metal_MetallicSmoothness.tif using Guid(5f4305cce6302fc42abf0377a572faf7) Importer(815301076,1909f56bfc062723c751e8b465ee728b)  -> (artifact id: 'eacf750e608ac79f492195954c983656') in 0.009510 seconds 
  Import took 0.014273 seconds .

========================================================================
Received Import Request.
  Time since last request: 0.150849 seconds.
  path: Assets/CreativeCore_Shaders/Textures/Tiled Textures/Metal_Normal.tif
  artifactKey: Guid(8c7ecc22b013dda47a47b0d823adde5c) Importer(815301076,1909f56bfc062723c751e8b465ee728b)
Start importing Assets/CreativeCore_Shaders/Textures/Tiled Textures/Metal_Normal.tif using Guid(8c7ecc22b013dda47a47b0d823adde5c) Importer(815301076,1909f56bfc062723c751e8b465ee728b)  -> (artifact id: 'bec4add9fdc63e881ee154bbd62951fa') in 0.009172 seconds 
  Import took 0.013604 seconds .

========================================================================
Received Import Request.
  Time since last request: 0.152167 seconds.
  path: Assets/CreativeCore_Shaders/Textures/Tiled Textures/Pavement_SmallMoss_Albedo.png
  artifactKey: Guid(c89c0d4a4e446ed418d36894f2270033) Importer(815301076,1909f56bfc062723c751e8b465ee728b)
Start importing Assets/CreativeCore_Shaders/Textures/Tiled Textures/Pavement_SmallMoss_Albedo.png using Guid(c89c0d4a4e446ed418d36894f2270033) Importer(815301076,1909f56bfc062723c751e8b465ee728b)  -> (artifact id: '474b67e1abdbd89afebc7425dda1dc1c') in 0.010165 seconds 
  Import took 0.014867 seconds .

========================================================================
Received Import Request.
  Time since last request: 0.661005 seconds.
  path: Assets/CreativeCore_Shaders/Textures/Tiled Textures/Pavement_SmallMoss_AO.png
  artifactKey: Guid(3fd610b7cab9c734fa13cbee5d82ce6d) Importer(815301076,1909f56bfc062723c751e8b465ee728b)
Start importing Assets/CreativeCore_Shaders/Textures/Tiled Textures/Pavement_SmallMoss_AO.png using Guid(3fd610b7cab9c734fa13cbee5d82ce6d) Importer(815301076,1909f56bfc062723c751e8b465ee728b)  -> (artifact id: 'ac465ca5bf7959fbb93f7503729c152e') in 0.009964 seconds 
  Import took 0.014675 seconds .

========================================================================
Received Import Request.
  Time since last request: 0.202272 seconds.
  path: Assets/CreativeCore_Shaders/Textures/Tiled Textures/Pavement_SmallMoss_height.png
  artifactKey: Guid(61272b8b0822ceb478e5de59ee72912b) Importer(815301076,1909f56bfc062723c751e8b465ee728b)
Start importing Assets/CreativeCore_Shaders/Textures/Tiled Textures/Pavement_SmallMoss_height.png using Guid(61272b8b0822ceb478e5de59ee72912b) Importer(815301076,1909f56bfc062723c751e8b465ee728b)  -> (artifact id: '2bd57d4cefb97e77f305dfde005f1460') in 0.009278 seconds 
  Import took 0.013878 seconds .

========================================================================
Received Import Request.
  Time since last request: 0.169499 seconds.
  path: Assets/CreativeCore_Shaders/Textures/Tiled Textures/Pavement_SmallMoss_metallic.png
  artifactKey: Guid(5a28c598eb0194f4a9bcdd99ce05a8bd) Importer(815301076,1909f56bfc062723c751e8b465ee728b)
Start importing Assets/CreativeCore_Shaders/Textures/Tiled Textures/Pavement_SmallMoss_metallic.png using Guid(5a28c598eb0194f4a9bcdd99ce05a8bd) Importer(815301076,1909f56bfc062723c751e8b465ee728b)  -> (artifact id: '4e881b409e7746b43cf66659ce3af779') in 0.009103 seconds 
  Import took 0.013643 seconds .

========================================================================
Received Import Request.
  Time since last request: 0.205581 seconds.
  path: Assets/CreativeCore_Shaders/Textures/Tiled Textures/Pavement_SmallMoss_normal.png
  artifactKey: Guid(063e8fa0f1389084fa751077cef96471) Importer(815301076,1909f56bfc062723c751e8b465ee728b)
Start importing Assets/CreativeCore_Shaders/Textures/Tiled Textures/Pavement_SmallMoss_normal.png using Guid(063e8fa0f1389084fa751077cef96471) Importer(815301076,1909f56bfc062723c751e8b465ee728b)  -> (artifact id: '030ab0bd8902890ad3e461d81d6ec43a') in 0.009777 seconds 
  Import took 0.014218 seconds .

========================================================================
Received Import Request.
  Time since last request: 0.189219 seconds.
  path: Assets/CreativeCore_Shaders/Textures/Tiled Textures/Plastic_Albedo.tif
  artifactKey: Guid(c0f1bf3c549bd4f4eb7b82200bd7980e) Importer(815301076,1909f56bfc062723c751e8b465ee728b)
Start importing Assets/CreativeCore_Shaders/Textures/Tiled Textures/Plastic_Albedo.tif using Guid(c0f1bf3c549bd4f4eb7b82200bd7980e) Importer(815301076,1909f56bfc062723c751e8b465ee728b)  -> (artifact id: 'e67c5938487cde39ee0cf8f1ea893a2a') in 0.008457 seconds 
  Import took 0.012892 seconds .

========================================================================
Received Import Request.
  Time since last request: 418.718154 seconds.
  path: Assets/CreativeCore_Shaders/Textures/Characters/Ellen/Ellen_Body_Albedo.tif
  artifactKey: Guid(be0111b341746904d972d1bb2fa0e0a4) Importer(815301076,1909f56bfc062723c751e8b465ee728b)
Start importing Assets/CreativeCore_Shaders/Textures/Characters/Ellen/Ellen_Body_Albedo.tif using Guid(be0111b341746904d972d1bb2fa0e0a4) Importer(815301076,1909f56bfc062723c751e8b465ee728b)  -> (artifact id: '1a5c15c173678cd4672c0531fbfe6821') in 0.017535 seconds 
  Import took 0.023215 seconds .

========================================================================
Received Import Request.
  Time since last request: 0.000169 seconds.
  path: Assets/CreativeCore_Shaders/Textures/Characters/Ellen/Ellen_Body_Occlusion.tif
  artifactKey: Guid(79e9a3fba6241f640b332875f39c332f) Importer(815301076,1909f56bfc062723c751e8b465ee728b)
Start importing Assets/CreativeCore_Shaders/Textures/Characters/Ellen/Ellen_Body_Occlusion.tif using Guid(79e9a3fba6241f640b332875f39c332f) Importer(815301076,1909f56bfc062723c751e8b465ee728b)  -> (artifact id: '2fbbd10898b4191aa6daaaa888406ee9') in 0.017344 seconds 
  Import took 0.022500 seconds .

========================================================================
Received Import Request.
  Time since last request: 0.000158 seconds.
  path: Assets/CreativeCore_Shaders/Textures/Characters/Ellen/Ellen_Eye_Albedo.tif
  artifactKey: Guid(aa185cea8422ad24fa12ce1f3645e5a9) Importer(815301076,1909f56bfc062723c751e8b465ee728b)
Start importing Assets/CreativeCore_Shaders/Textures/Characters/Ellen/Ellen_Eye_Albedo.tif using Guid(aa185cea8422ad24fa12ce1f3645e5a9) Importer(815301076,1909f56bfc062723c751e8b465ee728b)  -> (artifact id: '40858d29dc74be4a2dec46ab287014d2') in 0.015728 seconds 
  Import took 0.020752 seconds .

========================================================================
Received Import Request.
  Time since last request: 0.000150 seconds.
  path: Assets/CreativeCore_Shaders/Textures/Characters/Ellen/Ellen_Eye_Normal.tif
  artifactKey: Guid(fe180c6592e9a444889916ff0549198b) Importer(815301076,1909f56bfc062723c751e8b465ee728b)
Start importing Assets/CreativeCore_Shaders/Textures/Characters/Ellen/Ellen_Eye_Normal.tif using Guid(fe180c6592e9a444889916ff0549198b) Importer(815301076,1909f56bfc062723c751e8b465ee728b)  -> (artifact id: '55511e504fb26ba08ca2e2ea055d6c4f') in 0.014080 seconds 
  Import took 0.018320 seconds .

========================================================================
Received Import Request.
  Time since last request: 0.000157 seconds.
  path: Assets/CreativeCore_Shaders/Textures/Characters/Ellen/Ellen_Hair_Flowmap.tif
  artifactKey: Guid(58b6e8a9f58278d418ddae62e8e12994) Importer(815301076,1909f56bfc062723c751e8b465ee728b)
Start importing Assets/CreativeCore_Shaders/Textures/Characters/Ellen/Ellen_Hair_Flowmap.tif using Guid(58b6e8a9f58278d418ddae62e8e12994) Importer(815301076,1909f56bfc062723c751e8b465ee728b)  -> (artifact id: 'b7d3f7982ae278d416741fab8ad0e2cc') in 0.015009 seconds 
  Import took 0.020103 seconds .

========================================================================
Received Import Request.
  Time since last request: 0.000158 seconds.
  path: Assets/CreativeCore_Shaders/Textures/Characters/Ellen/Ellen_Hair_MetallicSmooth.tif
  artifactKey: Guid(c3f4a5d645c2b5c4390c8892609a8093) Importer(815301076,1909f56bfc062723c751e8b465ee728b)
Start importing Assets/CreativeCore_Shaders/Textures/Characters/Ellen/Ellen_Hair_MetallicSmooth.tif using Guid(c3f4a5d645c2b5c4390c8892609a8093) Importer(815301076,1909f56bfc062723c751e8b465ee728b)  -> (artifact id: '6d6fd3a59440c5d862ae1c0c83e93819') in 0.014387 seconds 
  Import took 0.019460 seconds .

========================================================================
Received Import Request.
  Time since last request: 0.000127 seconds.
  path: Assets/CreativeCore_Shaders/Textures/Characters/Ellen/Ellen_Body_MetallicSmooth_AlphaVisual.png
  artifactKey: Guid(659a50510e5df415eac72f2ebf0dc0ae) Importer(815301076,1909f56bfc062723c751e8b465ee728b)
Start importing Assets/CreativeCore_Shaders/Textures/Characters/Ellen/Ellen_Body_MetallicSmooth_AlphaVisual.png using Guid(659a50510e5df415eac72f2ebf0dc0ae) Importer(815301076,1909f56bfc062723c751e8b465ee728b)  -> (artifact id: '19b902b38c412d8c21adbfcb902980c7') in 0.022787 seconds 
  Import took 0.027233 seconds .

========================================================================
Received Import Request.
  Time since last request: 0.000128 seconds.
  path: Assets/CreativeCore_Shaders/Textures/Characters/Ellen/Ellen_Head_Normal.tif
  artifactKey: Guid(55d979bd379deb945970769a993a4afb) Importer(815301076,1909f56bfc062723c751e8b465ee728b)
Start importing Assets/CreativeCore_Shaders/Textures/Characters/Ellen/Ellen_Head_Normal.tif using Guid(55d979bd379deb945970769a993a4afb) Importer(815301076,1909f56bfc062723c751e8b465ee728b)  -> (artifact id: 'd603fd969c9c04f7a9f99456dae1d07b') in 0.019566 seconds 
  Import took 0.024176 seconds .

========================================================================
Received Import Request.
  Time since last request: 0.000159 seconds.
  path: Assets/CreativeCore_Shaders/Textures/Characters/Ellen/Ellen_Body_MetallicSmooth.tif
  artifactKey: Guid(d6dbc9ef89fd5b94d889616bfa730aec) Importer(815301076,1909f56bfc062723c751e8b465ee728b)
Start importing Assets/CreativeCore_Shaders/Textures/Characters/Ellen/Ellen_Body_MetallicSmooth.tif using Guid(d6dbc9ef89fd5b94d889616bfa730aec) Importer(815301076,1909f56bfc062723c751e8b465ee728b)  -> (artifact id: 'e5c25a0c18ee9d68c869587dd05588fa') in 0.016872 seconds 
  Import took 0.021622 seconds .

========================================================================
Received Import Request.
  Time since last request: 0.000184 seconds.
  path: Assets/CreativeCore_Shaders/Textures/Characters/Ellen/Ellen_Body_Normal_Colour.tif
  artifactKey: Guid(0c8eb5e9a6ca5d844be08cd19e143cdd) Importer(815301076,1909f56bfc062723c751e8b465ee728b)
Start importing Assets/CreativeCore_Shaders/Textures/Characters/Ellen/Ellen_Body_Normal_Colour.tif using Guid(0c8eb5e9a6ca5d844be08cd19e143cdd) Importer(815301076,1909f56bfc062723c751e8b465ee728b)  -> (artifact id: '580d746203d485021fbf504e1c46ff29') in 0.019524 seconds 
  Import took 0.023832 seconds .

========================================================================
Received Import Request.
  Time since last request: 0.000157 seconds.
  path: Assets/CreativeCore_Shaders/Textures/Characters/Ellen/Ellen_Body_Normal.tif
  artifactKey: Guid(8349958633769e34bb7496659a03983d) Importer(815301076,1909f56bfc062723c751e8b465ee728b)
Start importing Assets/CreativeCore_Shaders/Textures/Characters/Ellen/Ellen_Body_Normal.tif using Guid(8349958633769e34bb7496659a03983d) Importer(815301076,1909f56bfc062723c751e8b465ee728b)  -> (artifact id: 'ad62f9b493bf5e897b52016efe1c9db6') in 0.018474 seconds 
  Import took 0.023234 seconds .

========================================================================
Received Import Request.
  Time since last request: 0.000145 seconds.
  path: Assets/CreativeCore_Shaders/Textures/Characters/Ellen/Ellen_Head_Microdetail.tif
  artifactKey: Guid(eb1b3af505a9c4c1c81b05081339e090) Importer(815301076,1909f56bfc062723c751e8b465ee728b)
Start importing Assets/CreativeCore_Shaders/Textures/Characters/Ellen/Ellen_Head_Microdetail.tif using Guid(eb1b3af505a9c4c1c81b05081339e090) Importer(815301076,1909f56bfc062723c751e8b465ee728b)  -> (artifact id: 'f84567f1ff3390d8d81eec1dede8d401') in 0.014046 seconds 
  Import took 0.018592 seconds .

========================================================================
Received Import Request.
  Time since last request: 0.000144 seconds.
  path: Assets/CreativeCore_Shaders/Textures/Characters/Ellen/Ellen_Hair_Albedo.tif
  artifactKey: Guid(c972f3c75ef7ab94694a309009dd016f) Importer(815301076,1909f56bfc062723c751e8b465ee728b)
Start importing Assets/CreativeCore_Shaders/Textures/Characters/Ellen/Ellen_Hair_Albedo.tif using Guid(c972f3c75ef7ab94694a309009dd016f) Importer(815301076,1909f56bfc062723c751e8b465ee728b)  -> (artifact id: '12917773ec310a50f61db9b0ebae0d85') in 0.015018 seconds 
  Import took 0.019363 seconds .

========================================================================
Received Import Request.
  Time since last request: 0.000145 seconds.
  path: Assets/CreativeCore_Shaders/Textures/Characters/Ellen/Ellen_Head_Albedo.tif
  artifactKey: Guid(d45aa4ef71b87594fa37437494b49260) Importer(815301076,1909f56bfc062723c751e8b465ee728b)
Start importing Assets/CreativeCore_Shaders/Textures/Characters/Ellen/Ellen_Head_Albedo.tif using Guid(d45aa4ef71b87594fa37437494b49260) Importer(815301076,1909f56bfc062723c751e8b465ee728b)  -> (artifact id: '5ffa40e6b1d817fddd82cf91d5eeacff') in 0.017667 seconds 
  Import took 0.022529 seconds .

========================================================================
Received Import Request.
  Time since last request: 0.000171 seconds.
  path: Assets/CreativeCore_Shaders/Textures/Characters/Ellen/Ellen_Body_Emission.tif
  artifactKey: Guid(b4b755d5cc444c54ca35b5c41555844e) Importer(815301076,1909f56bfc062723c751e8b465ee728b)
Start importing Assets/CreativeCore_Shaders/Textures/Characters/Ellen/Ellen_Body_Emission.tif using Guid(b4b755d5cc444c54ca35b5c41555844e) Importer(815301076,1909f56bfc062723c751e8b465ee728b)  -> (artifact id: 'ab734766c4d1781f7ab593e7ffbe56f9') in 0.015159 seconds 
  Import took 0.019872 seconds .

========================================================================
Received Import Request.
  Time since last request: 0.000194 seconds.
  path: Assets/CreativeCore_Shaders/Textures/Characters/Ellen/Ellen_Hair_Normal.tif
  artifactKey: Guid(ec36099c19fc1be498af12965e4dbd05) Importer(815301076,1909f56bfc062723c751e8b465ee728b)
Start importing Assets/CreativeCore_Shaders/Textures/Characters/Ellen/Ellen_Hair_Normal.tif using Guid(ec36099c19fc1be498af12965e4dbd05) Importer(815301076,1909f56bfc062723c751e8b465ee728b)  -> (artifact id: '16cd5614442e1a09319e82cd0ab52998') in 0.015219 seconds 
  Import took 0.020535 seconds .

========================================================================
Received Import Request.
  Time since last request: 1.274204 seconds.
  path: Assets/CreativeCore_Shaders/Textures/Characters/Ellen/Ellen_head_SpecularSmoothness.tif
  artifactKey: Guid(935d99a93f3e0a049b5fe3adc4084776) Importer(815301076,1909f56bfc062723c751e8b465ee728b)
Start importing Assets/CreativeCore_Shaders/Textures/Characters/Ellen/Ellen_head_SpecularSmoothness.tif using Guid(935d99a93f3e0a049b5fe3adc4084776) Importer(815301076,1909f56bfc062723c751e8b465ee728b)  -> (artifact id: 'e8d2591f82645ee13e7044d1a761ee2d') in 0.019305 seconds 
  Import took 0.023997 seconds .

========================================================================
Received Import Request.
  Time since last request: 0.000208 seconds.
  path: Assets/CreativeCore_Shaders/Textures/Kettle/Kettle_D.png
  artifactKey: Guid(951d6a9de1eaf41459c7a7bbac398df6) Importer(815301076,1909f56bfc062723c751e8b465ee728b)
Start importing Assets/CreativeCore_Shaders/Textures/Kettle/Kettle_D.png using Guid(951d6a9de1eaf41459c7a7bbac398df6) Importer(815301076,1909f56bfc062723c751e8b465ee728b)  -> (artifact id: 'e9c0bbae321fabd9394ab81074148fbf') in 0.013524 seconds 
  Import took 0.017896 seconds .

========================================================================
Received Import Request.
  Time since last request: 0.000166 seconds.
  path: Assets/CreativeCore_Shaders/Textures/Kettle/Kettle_A.png
  artifactKey: Guid(339238db88914134aa1b2f0ba04ecc76) Importer(815301076,1909f56bfc062723c751e8b465ee728b)
Start importing Assets/CreativeCore_Shaders/Textures/Kettle/Kettle_A.png using Guid(339238db88914134aa1b2f0ba04ecc76) Importer(815301076,1909f56bfc062723c751e8b465ee728b)  -> (artifact id: '8da4c44840beaec9a3f1b23a0b4abd17') in 0.014209 seconds 
  Import took 0.018593 seconds .

========================================================================
Received Import Request.
  Time since last request: 0.000187 seconds.
  path: Assets/CreativeCore_Shaders/Textures/Kettle/Kettle_C.png
  artifactKey: Guid(197feec7ba9ca944c9b4d9faf527dc43) Importer(815301076,1909f56bfc062723c751e8b465ee728b)
Start importing Assets/CreativeCore_Shaders/Textures/Kettle/Kettle_C.png using Guid(197feec7ba9ca944c9b4d9faf527dc43) Importer(815301076,1909f56bfc062723c751e8b465ee728b)  -> (artifact id: 'b2120435614c763454c4557c26071647') in 0.014452 seconds 
  Import took 0.019469 seconds .

========================================================================
Received Import Request.
  Time since last request: 0.000119 seconds.
  path: Assets/CreativeCore_Shaders/Textures/Kettle/Kettle_E.png
  artifactKey: Guid(516fa3886357e654683ead738a64b479) Importer(815301076,1909f56bfc062723c751e8b465ee728b)
Start importing Assets/CreativeCore_Shaders/Textures/Kettle/Kettle_E.png using Guid(516fa3886357e654683ead738a64b479) Importer(815301076,1909f56bfc062723c751e8b465ee728b)  -> (artifact id: '1436cd3d1f72fb267be1333b8ff846ed') in 0.014051 seconds 
  Import took 0.018550 seconds .

========================================================================
Received Import Request.
  Time since last request: 0.000134 seconds.
  path: Assets/CreativeCore_Shaders/Scenes/FinalScene_Shaders/Lightmap-0_comp_light.exr
  artifactKey: Guid(122413772a55a164aa301d624a11b1a0) Importer(815301076,1909f56bfc062723c751e8b465ee728b)
Start importing Assets/CreativeCore_Shaders/Scenes/FinalScene_Shaders/Lightmap-0_comp_light.exr using Guid(122413772a55a164aa301d624a11b1a0) Importer(815301076,1909f56bfc062723c751e8b465ee728b)  -> (artifact id: '4ec2ed8c64bec7331149cc50a4584253') in 0.016104 seconds 
  Import took 0.020608 seconds .

========================================================================
Received Import Request.
  Time since last request: 0.000146 seconds.
  path: Assets/CreativeCore_Shaders/Scenes/TutorialScene_Shaders/Lightmap-0_comp_dir.png
  artifactKey: Guid(1fed7d4262576314bbf97d7f7fecf61e) Importer(815301076,1909f56bfc062723c751e8b465ee728b)
Start importing Assets/CreativeCore_Shaders/Scenes/TutorialScene_Shaders/Lightmap-0_comp_dir.png using Guid(1fed7d4262576314bbf97d7f7fecf61e) Importer(815301076,1909f56bfc062723c751e8b465ee728b)  -> (artifact id: '48212a7a18afbb40d838be82cacb694f') in 0.009923 seconds 
  Import took 0.014391 seconds .

========================================================================
Received Import Request.
  Time since last request: 0.000168 seconds.
  path: Assets/CreativeCore_Shaders/Scenes/TutorialScene_Shaders/Lightmap-0_comp_light.exr
  artifactKey: Guid(307c90ea89c214745a04f86832626b19) Importer(815301076,1909f56bfc062723c751e8b465ee728b)
Start importing Assets/CreativeCore_Shaders/Scenes/TutorialScene_Shaders/Lightmap-0_comp_light.exr using Guid(307c90ea89c214745a04f86832626b19) Importer(815301076,1909f56bfc062723c751e8b465ee728b)  -> (artifact id: 'd76683fd01002b4c2051203a7db47c1f') in 0.008525 seconds 
  Import took 0.013284 seconds .

========================================================================
Received Import Request.
  Time since last request: 0.000171 seconds.
  path: Assets/CreativeCore_Shaders/Textures/Kettle/Kettle_Normal.png
  artifactKey: Guid(93c3c2bcf46445c4ea93b9ac41b94b59) Importer(815301076,1909f56bfc062723c751e8b465ee728b)
Start importing Assets/CreativeCore_Shaders/Textures/Kettle/Kettle_Normal.png using Guid(93c3c2bcf46445c4ea93b9ac41b94b59) Importer(815301076,1909f56bfc062723c751e8b465ee728b)  -> (artifact id: '7c675b4e5b9d730e176c639e4731dbe1') in 0.014846 seconds 
  Import took 0.019423 seconds .

========================================================================
Received Import Request.
  Time since last request: 0.000161 seconds.
  path: Assets/CreativeCore_Shaders/Scenes/FinalScene_Shaders/Lightmap-0_comp_dir.png
  artifactKey: Guid(0169eeb19c6e7fc4092d99c456556d80) Importer(815301076,1909f56bfc062723c751e8b465ee728b)
Start importing Assets/CreativeCore_Shaders/Scenes/FinalScene_Shaders/Lightmap-0_comp_dir.png using Guid(0169eeb19c6e7fc4092d99c456556d80) Importer(815301076,1909f56bfc062723c751e8b465ee728b)  -> (artifact id: '0612702c09771f5623c2449e385aa850') in 0.008852 seconds 
  Import took 0.013272 seconds .

========================================================================
Received Import Request.
  Time since last request: 0.000189 seconds.
  path: Assets/CreativeCore_Shaders/Textures/Kettle/Kettle_B.png
  artifactKey: Guid(0f70e54f76aad674f979ad42ba324692) Importer(815301076,1909f56bfc062723c751e8b465ee728b)
Start importing Assets/CreativeCore_Shaders/Textures/Kettle/Kettle_B.png using Guid(0f70e54f76aad674f979ad42ba324692) Importer(815301076,1909f56bfc062723c751e8b465ee728b)  -> (artifact id: '4b7b9163972ac199dedfd8f440a8837b') in 0.013660 seconds 
  Import took 0.018505 seconds .

========================================================================
Received Import Request.
  Time since last request: 0.000169 seconds.
  path: Assets/CreativeCore_Shaders/Textures/Kettle/Kettle_F.png
  artifactKey: Guid(0acc24a6ecfbab24b9a3bb93ab1e36f8) Importer(815301076,1909f56bfc062723c751e8b465ee728b)
Start importing Assets/CreativeCore_Shaders/Textures/Kettle/Kettle_F.png using Guid(0acc24a6ecfbab24b9a3bb93ab1e36f8) Importer(815301076,1909f56bfc062723c751e8b465ee728b)  -> (artifact id: 'ed07a3dd67909349c6b63f0a064cb501') in 0.013673 seconds 
  Import took 0.018153 seconds .

========================================================================
Received Import Request.
  Time since last request: 2.995082 seconds.
  path: Assets/CreativeCore_Shaders/Scenes/TutorialScene_Shaders/Lightmap-1_comp_dir.png
  artifactKey: Guid(92ba4cc726b828e45abceca5180d887a) Importer(815301076,1909f56bfc062723c751e8b465ee728b)
Start importing Assets/CreativeCore_Shaders/Scenes/TutorialScene_Shaders/Lightmap-1_comp_dir.png using Guid(92ba4cc726b828e45abceca5180d887a) Importer(815301076,1909f56bfc062723c751e8b465ee728b)  -> (artifact id: '43eb742a4060ae204a0507946439d293') in 0.009745 seconds 
  Import took 0.014690 seconds .

========================================================================
Received Import Request.
  Time since last request: 0.000147 seconds.
  path: Assets/CreativeCore_Shaders/Scenes/FinalScene_Shaders/Lightmap-1_comp_dir.png
  artifactKey: Guid(c1614aebbf12a0d469a43729507e686b) Importer(815301076,1909f56bfc062723c751e8b465ee728b)
Start importing Assets/CreativeCore_Shaders/Scenes/FinalScene_Shaders/Lightmap-1_comp_dir.png using Guid(c1614aebbf12a0d469a43729507e686b) Importer(815301076,1909f56bfc062723c751e8b465ee728b)  -> (artifact id: 'cb05015c2eba181f68f2f84382613c32') in 0.009671 seconds 
  Import took 0.014514 seconds .

========================================================================
Received Import Request.
  Time since last request: 0.000163 seconds.
  path: Assets/CreativeCore_Shaders/Scenes/FinalScene_Shaders/Lightmap-2_comp_dir.png
  artifactKey: Guid(6b7980395f4987c49928cdaa64e7f2e4) Importer(815301076,1909f56bfc062723c751e8b465ee728b)
Start importing Assets/CreativeCore_Shaders/Scenes/FinalScene_Shaders/Lightmap-2_comp_dir.png using Guid(6b7980395f4987c49928cdaa64e7f2e4) Importer(815301076,1909f56bfc062723c751e8b465ee728b)  -> (artifact id: '2dfaff35b7875a560e93906106ed1bad') in 0.009414 seconds 
  Import took 0.013523 seconds .

========================================================================
Received Import Request.
  Time since last request: 0.000169 seconds.
  path: Assets/CreativeCore_Shaders/Scenes/TutorialScene_Shaders/Lightmap-2_comp_dir.png
  artifactKey: Guid(1c2c1db797c198d438b0804894b0406c) Importer(815301076,1909f56bfc062723c751e8b465ee728b)
Start importing Assets/CreativeCore_Shaders/Scenes/TutorialScene_Shaders/Lightmap-2_comp_dir.png using Guid(1c2c1db797c198d438b0804894b0406c) Importer(815301076,1909f56bfc062723c751e8b465ee728b)  -> (artifact id: 'da3865d7eaa1e4e61e7b0e9ae29b724a') in 0.008190 seconds 
  Import took 0.012971 seconds .

========================================================================
Received Import Request.
  Time since last request: 0.000155 seconds.
  path: Assets/CreativeCore_Shaders/Scenes/TutorialScene_Shaders/Lightmap-1_comp_light.exr
  artifactKey: Guid(6e3a1ba8aa82886438202432b3b60312) Importer(815301076,1909f56bfc062723c751e8b465ee728b)
Start importing Assets/CreativeCore_Shaders/Scenes/TutorialScene_Shaders/Lightmap-1_comp_light.exr using Guid(6e3a1ba8aa82886438202432b3b60312) Importer(815301076,1909f56bfc062723c751e8b465ee728b)  -> (artifact id: '1761959782add134a670703a48e9c470') in 0.010233 seconds 
  Import took 0.014486 seconds .

========================================================================
Received Import Request.
  Time since last request: 0.000160 seconds.
  path: Assets/CreativeCore_Shaders/Textures/Mug/Mug_Albedo.png
  artifactKey: Guid(e8b3d3b39fa57954785272ca198aac7f) Importer(815301076,1909f56bfc062723c751e8b465ee728b)
Start importing Assets/CreativeCore_Shaders/Textures/Mug/Mug_Albedo.png using Guid(e8b3d3b39fa57954785272ca198aac7f) Importer(815301076,1909f56bfc062723c751e8b465ee728b)  -> (artifact id: '93dfc7b16f4bc85c5cb9a0cb5f9251dc') in 0.009065 seconds 
  Import took 0.013848 seconds .

========================================================================
Received Import Request.
  Time since last request: 0.000153 seconds.
  path: Assets/CreativeCore_Shaders/Scenes/FinalScene_Shaders/Lightmap-2_comp_light.exr
  artifactKey: Guid(9d9a05edff048604895d5713b8a279f6) Importer(815301076,1909f56bfc062723c751e8b465ee728b)
Start importing Assets/CreativeCore_Shaders/Scenes/FinalScene_Shaders/Lightmap-2_comp_light.exr using Guid(9d9a05edff048604895d5713b8a279f6) Importer(815301076,1909f56bfc062723c751e8b465ee728b)  -> (artifact id: '69cb782734db0555b8283e59f17a5d08') in 0.010378 seconds 
  Import took 0.014566 seconds .

========================================================================
Received Import Request.
  Time since last request: 0.000147 seconds.
  path: Assets/CreativeCore_Shaders/Scenes/TutorialScene_Shaders/Lightmap-3_comp_light.exr
  artifactKey: Guid(920314c08e18b23418e81bdded4aa52c) Importer(815301076,1909f56bfc062723c751e8b465ee728b)
Start importing Assets/CreativeCore_Shaders/Scenes/TutorialScene_Shaders/Lightmap-3_comp_light.exr using Guid(920314c08e18b23418e81bdded4aa52c) Importer(815301076,1909f56bfc062723c751e8b465ee728b)  -> (artifact id: '7df2902faa9ecb2dc0aa8409ed63c983') in 0.010174 seconds 
  Import took 0.014822 seconds .

========================================================================
Received Import Request.
  Time since last request: 0.000180 seconds.
  path: Assets/CreativeCore_Shaders/Scenes/FinalScene_Shaders/Lightmap-3_comp_light.exr
  artifactKey: Guid(972e50f84a3c4514db30d9c393d84737) Importer(815301076,1909f56bfc062723c751e8b465ee728b)
Start importing Assets/CreativeCore_Shaders/Scenes/FinalScene_Shaders/Lightmap-3_comp_light.exr using Guid(972e50f84a3c4514db30d9c393d84737) Importer(815301076,1909f56bfc062723c751e8b465ee728b)  -> (artifact id: '1a61a895751dcb81a03e46dedada51f8') in 0.009515 seconds 
  Import took 0.014211 seconds .

========================================================================
Received Import Request.
  Time since last request: 0.000140 seconds.
  path: Assets/CreativeCore_Shaders/Textures/Mug/Mug_AmbientOcclusion.png
  artifactKey: Guid(3215ffcde57a8884dab243874c2aef3c) Importer(815301076,1909f56bfc062723c751e8b465ee728b)
Start importing Assets/CreativeCore_Shaders/Textures/Mug/Mug_AmbientOcclusion.png using Guid(3215ffcde57a8884dab243874c2aef3c) Importer(815301076,1909f56bfc062723c751e8b465ee728b)  -> (artifact id: '5911bf479373bedf578fc40c6292d90d') in 0.008281 seconds 
  Import took 0.012850 seconds .

========================================================================
Received Import Request.
  Time since last request: 0.000148 seconds.
  path: Assets/CreativeCore_Shaders/Scenes/TutorialScene_Shaders/Lightmap-3_comp_dir.png
  artifactKey: Guid(ddacf35c27e4f734d8e8aca22e42c425) Importer(815301076,1909f56bfc062723c751e8b465ee728b)
Start importing Assets/CreativeCore_Shaders/Scenes/TutorialScene_Shaders/Lightmap-3_comp_dir.png using Guid(ddacf35c27e4f734d8e8aca22e42c425) Importer(815301076,1909f56bfc062723c751e8b465ee728b)  -> (artifact id: '7bc7e96a06cc667fc494ebfcb95a5bcc') in 0.009929 seconds 
  Import took 0.014524 seconds .

========================================================================
Received Import Request.
  Time since last request: 0.000171 seconds.
  path: Assets/CreativeCore_Shaders/Textures/Mug/Mug_MetallicSmoothness.png
  artifactKey: Guid(5dcd07f906adfd2479a94e830ab066c6) Importer(815301076,1909f56bfc062723c751e8b465ee728b)
Start importing Assets/CreativeCore_Shaders/Textures/Mug/Mug_MetallicSmoothness.png using Guid(5dcd07f906adfd2479a94e830ab066c6) Importer(815301076,1909f56bfc062723c751e8b465ee728b)  -> (artifact id: '194543bc6c76c2e2fcbde8fa7a3860d7') in 0.009386 seconds 
  Import took 0.014616 seconds .

========================================================================
Received Import Request.
  Time since last request: 0.000170 seconds.
  path: Assets/CreativeCore_Shaders/Scenes/FinalScene_Shaders/Lightmap-1_comp_light.exr
  artifactKey: Guid(aaca0e4361bd14a4688078b752b5c06a) Importer(815301076,1909f56bfc062723c751e8b465ee728b)
Start importing Assets/CreativeCore_Shaders/Scenes/FinalScene_Shaders/Lightmap-1_comp_light.exr using Guid(aaca0e4361bd14a4688078b752b5c06a) Importer(815301076,1909f56bfc062723c751e8b465ee728b)  -> (artifact id: '20bc557dc19b185b97564842aa5405e0') in 0.008889 seconds 
  Import took 0.013822 seconds .

========================================================================
Received Import Request.
  Time since last request: 0.000171 seconds.
  path: Assets/CreativeCore_Shaders/Scenes/FinalScene_Shaders/Lightmap-3_comp_dir.png
  artifactKey: Guid(977685586b7894444a8b9133bf6f66c4) Importer(815301076,1909f56bfc062723c751e8b465ee728b)
Start importing Assets/CreativeCore_Shaders/Scenes/FinalScene_Shaders/Lightmap-3_comp_dir.png using Guid(977685586b7894444a8b9133bf6f66c4) Importer(815301076,1909f56bfc062723c751e8b465ee728b)  -> (artifact id: '2d40f7cba1bf97cdf7fece177c69f00a') in 0.008042 seconds 
  Import took 0.012425 seconds .

========================================================================
Received Import Request.
  Time since last request: 0.000164 seconds.
  path: Assets/CreativeCore_Shaders/Scenes/TutorialScene_Shaders/Lightmap-2_comp_light.exr
  artifactKey: Guid(e31ba0146360b7c45bd083d3584171e6) Importer(815301076,1909f56bfc062723c751e8b465ee728b)
Start importing Assets/CreativeCore_Shaders/Scenes/TutorialScene_Shaders/Lightmap-2_comp_light.exr using Guid(e31ba0146360b7c45bd083d3584171e6) Importer(815301076,1909f56bfc062723c751e8b465ee728b)  -> (artifact id: 'e3d073eaffebdcada0d69cf44a4e1525') in 0.009806 seconds 
  Import took 0.014503 seconds .

========================================================================
Received Import Request.
  Time since last request: 0.223046 seconds.
  path: Assets/CreativeCore_Shaders/Textures/Mug/Mug_Normal.png
  artifactKey: Guid(87c6644554c2b6b489095dc9cbf9d696) Importer(815301076,1909f56bfc062723c751e8b465ee728b)
Start importing Assets/CreativeCore_Shaders/Textures/Mug/Mug_Normal.png using Guid(87c6644554c2b6b489095dc9cbf9d696) Importer(815301076,1909f56bfc062723c751e8b465ee728b)  -> (artifact id: 'a2720b62a9a62184a8bdb151bc336f08') in 0.012345 seconds 
  Import took 0.017014 seconds .

========================================================================
Received Import Request.
  Time since last request: 0.000861 seconds.
  path: Assets/CreativeCore_Shaders/Textures/Plant/Plant_Albedo.png
  artifactKey: Guid(dd2ba9933a88e5b4980ec5db7d279b83) Importer(815301076,1909f56bfc062723c751e8b465ee728b)
Start importing Assets/CreativeCore_Shaders/Textures/Plant/Plant_Albedo.png using Guid(dd2ba9933a88e5b4980ec5db7d279b83) Importer(815301076,1909f56bfc062723c751e8b465ee728b)  -> (artifact id: '22dfa39f26b3570ab1c470c63cf4d0cd') in 0.014321 seconds 
  Import took 0.018814 seconds .

========================================================================
Received Import Request.
  Time since last request: 0.000192 seconds.
  path: Assets/CreativeCore_Shaders/Textures/Tiled Textures/Plastic_Normal.tif
  artifactKey: Guid(2dfa979e7be42b245a0cd27f30030ae3) Importer(815301076,1909f56bfc062723c751e8b465ee728b)
Start importing Assets/CreativeCore_Shaders/Textures/Tiled Textures/Plastic_Normal.tif using Guid(2dfa979e7be42b245a0cd27f30030ae3) Importer(815301076,1909f56bfc062723c751e8b465ee728b)  -> (artifact id: '95bc5d5710c173270cd68d77e25a95ec') in 0.014079 seconds 
  Import took 0.018976 seconds .

========================================================================
Received Import Request.
  Time since last request: 0.000177 seconds.
  path: Assets/CreativeCore_Shaders/Scenes/TutorialScene_Shaders/ReflectionProbe-0.exr
  artifactKey: Guid(97ece2fe5a08f2843a1166d010695069) Importer(815301076,1909f56bfc062723c751e8b465ee728b)
Start importing Assets/CreativeCore_Shaders/Scenes/TutorialScene_Shaders/ReflectionProbe-0.exr using Guid(97ece2fe5a08f2843a1166d010695069) Importer(815301076,1909f56bfc062723c751e8b465ee728b)  -> (artifact id: 'd31791414b736fe020c682ec7cfa5a05') in 0.034115 seconds 
  Import took 0.039519 seconds .

========================================================================
Received Import Request.
  Time since last request: 0.000186 seconds.
  path: Assets/CreativeCore_Shaders/Scenes/FinalScene_Shaders/ReflectionProbe-1.exr
  artifactKey: Guid(b2453d8f21092c140b875feed2790150) Importer(815301076,1909f56bfc062723c751e8b465ee728b)
Start importing Assets/CreativeCore_Shaders/Scenes/FinalScene_Shaders/ReflectionProbe-1.exr using Guid(b2453d8f21092c140b875feed2790150) Importer(815301076,1909f56bfc062723c751e8b465ee728b)  -> (artifact id: '66a90baa22ccc28eaf2bfc53fb59362b') in 0.012498 seconds 
  Import took 0.017282 seconds .

========================================================================
Received Import Request.
  Time since last request: 0.000126 seconds.
  path: Assets/CreativeCore_Shaders/Scenes/TutorialScene_Shaders/ReflectionProbe-1.exr
  artifactKey: Guid(09898c555a993894188b059f6891050d) Importer(815301076,1909f56bfc062723c751e8b465ee728b)
Start importing Assets/CreativeCore_Shaders/Scenes/TutorialScene_Shaders/ReflectionProbe-1.exr using Guid(09898c555a993894188b059f6891050d) Importer(815301076,1909f56bfc062723c751e8b465ee728b)  -> (artifact id: '5083995b7b7b45c00e061b1b476b5c96') in 0.012543 seconds 
  Import took 0.017124 seconds .

========================================================================
Received Import Request.
  Time since last request: 0.000182 seconds.
  path: Assets/CreativeCore_Shaders/Scenes/FinalScene_Shaders/ReflectionProbe-0.exr
  artifactKey: Guid(86861c74ad51a4a42a44b24d9e69fb7e) Importer(815301076,1909f56bfc062723c751e8b465ee728b)
Start importing Assets/CreativeCore_Shaders/Scenes/FinalScene_Shaders/ReflectionProbe-0.exr using Guid(86861c74ad51a4a42a44b24d9e69fb7e) Importer(815301076,1909f56bfc062723c751e8b465ee728b)  -> (artifact id: 'cf35d93ef361df4c995993546c93c1fa') in 0.017885 seconds 
  Import took 0.022747 seconds .

========================================================================
Received Import Request.
  Time since last request: 0.000160 seconds.
  path: Assets/CreativeCore_Shaders/Textures/Plant/Plant_Normal.png
  artifactKey: Guid(34f1f5a9bd8261d45b758e7504ddc406) Importer(815301076,1909f56bfc062723c751e8b465ee728b)
Start importing Assets/CreativeCore_Shaders/Textures/Plant/Plant_Normal.png using Guid(34f1f5a9bd8261d45b758e7504ddc406) Importer(815301076,1909f56bfc062723c751e8b465ee728b)  -> (artifact id: '3e52674d50968cb099b51bbbb55fc02d') in 0.014219 seconds 
  Import took 0.018434 seconds .

========================================================================
Received Import Request.
  Time since last request: 706.332447 seconds.
  path: Assets/CreativeCore_Shaders/Materials
  artifactKey: Guid(d0234ba368eeec9418390da711bfdad0) Importer(815301076,1909f56bfc062723c751e8b465ee728b)
Start importing Assets/CreativeCore_Shaders/Materials using Guid(d0234ba368eeec9418390da711bfdad0) Importer(815301076,1909f56bfc062723c751e8b465ee728b)  -> (artifact id: 'fa67f7aafba014bdcc74449d8eba51d0') in 0.007531 seconds 
  Import took 0.012567 seconds .

========================================================================
Received Import Request.
  Time since last request: 33.503849 seconds.
  path: Assets/CreativeCore_Shaders/Textures
  artifactKey: Guid(697b93e862f5305448dc7f894009028a) Importer(815301076,1909f56bfc062723c751e8b465ee728b)
Start importing Assets/CreativeCore_Shaders/Textures using Guid(697b93e862f5305448dc7f894009028a) Importer(815301076,1909f56bfc062723c751e8b465ee728b)  -> (artifact id: '03834956a637a2bf85991c3b1bd6691a') in 0.005259 seconds 
  Import took 0.011647 seconds .

========================================================================
Received Import Request.
  Time since last request: 109.057125 seconds.
  path: Assets/CreativeCore_Shaders/Textures/Kettle/Materials
  artifactKey: Guid(30a42e5a90b93974e87ea8a518331207) Importer(815301076,1909f56bfc062723c751e8b465ee728b)
Start importing Assets/CreativeCore_Shaders/Textures/Kettle/Materials using Guid(30a42e5a90b93974e87ea8a518331207) Importer(815301076,1909f56bfc062723c751e8b465ee728b)  -> (artifact id: 'f523171d1ab072de584a3e6c8a3ced13') in 0.001813 seconds 
  Import took 0.009120 seconds .

========================================================================
Received Import Request.
  Time since last request: 310.064568 seconds.
  path: Assets/CreativeCore_Shaders/Prefabs/PlantInGlass.prefab
  artifactKey: Guid(8a5ceb21db0feab4db06b1ebf6f3e944) Importer(815301076,1909f56bfc062723c751e8b465ee728b)
Start importing Assets/CreativeCore_Shaders/Prefabs/PlantInGlass.prefab using Guid(8a5ceb21db0feab4db06b1ebf6f3e944) Importer(815301076,1909f56bfc062723c751e8b465ee728b)  -> (artifact id: '7db56d0119cf46ebf467125d506f7b37') in 0.121054 seconds 
  Import took 0.125981 seconds .

========================================================================
Received Import Request.
  Time since last request: 14.346805 seconds.
  path: Assets/CreativeCore_Shaders/Materials/Standard
  artifactKey: Guid(05c4219e5b4a2e341a4b795552d2e60f) Importer(815301076,1909f56bfc062723c751e8b465ee728b)
Start importing Assets/CreativeCore_Shaders/Materials/Standard using Guid(05c4219e5b4a2e341a4b795552d2e60f) Importer(815301076,1909f56bfc062723c751e8b465ee728b)  -> (artifact id: '1071d92959ffdb45e71faa082966dff4') in 0.004827 seconds 
  Import took 0.011023 seconds .

========================================================================
Received Import Request.
  Time since last request: 174291.833910 seconds.
  path: Assets/CreativeCore_Shaders/Scripts
  artifactKey: Guid(02a3527b6b33a924e8ec66aa805ea717) Importer(815301076,1909f56bfc062723c751e8b465ee728b)
Start importing Assets/CreativeCore_Shaders/Scripts using Guid(02a3527b6b33a924e8ec66aa805ea717) Importer(815301076,1909f56bfc062723c751e8b465ee728b)  -> (artifact id: '3d22bec3b2937c29cd085e1506c06094') in 0.016580 seconds 
  Import took 0.190721 seconds .

========================================================================
Received Import Request.
  Time since last request: 19.004799 seconds.
  path: Assets/CreativeCore_Shaders/Scripts/DatatypeScript.cs
  artifactKey: Guid(aeca95e82027d6740a210cbf8587ea5f) Importer(815301076,1909f56bfc062723c751e8b465ee728b)
Start importing Assets/CreativeCore_Shaders/Scripts/DatatypeScript.cs using Guid(aeca95e82027d6740a210cbf8587ea5f) Importer(815301076,1909f56bfc062723c751e8b465ee728b)  -> (artifact id: 'aaefeec03ccd384157325ccb87629f12') in 0.025466 seconds 
  Import took 0.031418 seconds .

========================================================================
Received Prepare
Registering precompiled user dll's ...
Registered in 0.169375 seconds.
Begin MonoManager ReloadAssembly
Native extension for WindowsStandalone target not found
Native extension for WebGL target not found
Refreshing native plugins compatible for Editor in 0.63 ms, found 2 plugins.
Preloading 0 native plugins for Editor in 0.00 ms.
Mono: successfully reloaded assembly
- Completed reload, in  1.191 seconds
Domain Reload Profiling:
	ReloadAssembly (1196ms)
		BeginReloadAssembly (280ms)
			ExecutionOrderSort (0ms)
			DisableScriptedObjects (38ms)
			BackupInstance (0ms)
			ReleaseScriptingObjects (0ms)
			CreateAndSetChildDomain (139ms)
		EndReloadAssembly (854ms)
			LoadAssemblies (88ms)
			RebuildTransferFunctionScriptingTraits (0ms)
			SetupTypeCache (303ms)
			ReleaseScriptCaches (2ms)
			RebuildScriptCaches (59ms)
			SetupLoadedEditorAssemblies (260ms)
				LogAssemblyErrors (0ms)
				InitializePlatformSupportModulesInManaged (5ms)
				SetLoadedEditorAssemblies (1ms)
				RefreshPlugins (1ms)
				BeforeProcessingInitializeOnLoad (92ms)
				ProcessInitializeOnLoadAttributes (148ms)
				ProcessInitializeOnLoadMethodAttributes (8ms)
				AfterProcessingInitializeOnLoad (5ms)
				EditorAssembliesLoaded (0ms)
			ExecutionOrderSort2 (0ms)
			AwakeInstancesAfterBackupRestoration (13ms)
Platform modules already initialized, skipping
Refreshing native plugins compatible for Editor in 0.61 ms, found 2 plugins.
Preloading 0 native plugins for Editor in 0.00 ms.
Unloading 3214 Unused Serialized files (Serialized files now loaded: 0)
System memory in use before: 142.0 MB.
System memory in use after: 142.2 MB.

Unloading 15 unused Assets to reduce memory usage. Loaded Objects now: 3841.
Total: 6.036800 ms (FindLiveObjects: 0.257600 ms CreateObjectMapping: 0.082400 ms MarkObjects: 5.487900 ms  DeleteObjects: 0.207900 ms)

AssetImportParameters requested are different than current active one (requested -> active):
  custom:framework-win-MediaFoundation: 216162199b28c13a410421893ffa2e32 -> 
  custom:video-decoder-ogg-theora: a1e56fd34408186e4bbccfd4996cb3dc -> 
  custom:container-muxer-webm: aa71ff27fc2769a1b78a27578f13a17b -> 
  custom:container-demuxer-webm: 4f35f7cbe854078d1ac9338744f61a02 -> 
  custom:container-demuxer-ogg: 62fdf1f143b41e24485cea50d1cbac27 -> 
  custom:video-encoder-webm-vp8: eb34c28f22e8b96e1ab97ce403110664 -> 
  custom:video-decoder-webm-vp8: 9c59270c3fd7afecdb556c50c9e8de78 -> 
  custom:audio-decoder-ogg-vorbis: bf7c407c2cedff20999df2af8eb42d56 -> 
  custom:audio-encoder-webm-vorbis: bf7c407c2cedff20999df2af8eb42d56 -> 
========================================================================
Received Prepare
Registering precompiled user dll's ...
Registered in 0.004145 seconds.
Begin MonoManager ReloadAssembly
Native extension for WindowsStandalone target not found
Native extension for WebGL target not found
Refreshing native plugins compatible for Editor in 0.67 ms, found 2 plugins.
Preloading 0 native plugins for Editor in 0.00 ms.
Mono: successfully reloaded assembly
- Completed reload, in  0.956 seconds
Domain Reload Profiling:
	ReloadAssembly (957ms)
		BeginReloadAssembly (95ms)
			ExecutionOrderSort (0ms)
			DisableScriptedObjects (4ms)
			BackupInstance (0ms)
			ReleaseScriptingObjects (0ms)
			CreateAndSetChildDomain (30ms)
		EndReloadAssembly (806ms)
			LoadAssemblies (75ms)
			RebuildTransferFunctionScriptingTraits (0ms)
			SetupTypeCache (282ms)
			ReleaseScriptCaches (2ms)
			RebuildScriptCaches (59ms)
			SetupLoadedEditorAssemblies (266ms)
				LogAssemblyErrors (0ms)
				InitializePlatformSupportModulesInManaged (5ms)
				SetLoadedEditorAssemblies (1ms)
				RefreshPlugins (1ms)
				BeforeProcessingInitializeOnLoad (90ms)
				ProcessInitializeOnLoadAttributes (156ms)
				ProcessInitializeOnLoadMethodAttributes (8ms)
				AfterProcessingInitializeOnLoad (5ms)
				EditorAssembliesLoaded (0ms)
			ExecutionOrderSort2 (0ms)
			AwakeInstancesAfterBackupRestoration (12ms)
Platform modules already initialized, skipping
Refreshing native plugins compatible for Editor in 0.75 ms, found 2 plugins.
Preloading 0 native plugins for Editor in 0.00 ms.
Unloading 3214 Unused Serialized files (Serialized files now loaded: 0)
System memory in use before: 142.1 MB.
System memory in use after: 142.3 MB.

Unloading 15 unused Assets to reduce memory usage. Loaded Objects now: 3843.
Total: 3.786900 ms (FindLiveObjects: 0.295100 ms CreateObjectMapping: 0.078700 ms MarkObjects: 3.149800 ms  DeleteObjects: 0.261800 ms)

AssetImportParameters requested are different than current active one (requested -> active):
  custom:framework-win-MediaFoundation: 216162199b28c13a410421893ffa2e32 -> 
  custom:video-decoder-ogg-theora: a1e56fd34408186e4bbccfd4996cb3dc -> 
  custom:container-muxer-webm: aa71ff27fc2769a1b78a27578f13a17b -> 
  custom:container-demuxer-webm: 4f35f7cbe854078d1ac9338744f61a02 -> 
  custom:container-demuxer-ogg: 62fdf1f143b41e24485cea50d1cbac27 -> 
  custom:video-encoder-webm-vp8: eb34c28f22e8b96e1ab97ce403110664 -> 
  custom:video-decoder-webm-vp8: 9c59270c3fd7afecdb556c50c9e8de78 -> 
  custom:audio-decoder-ogg-vorbis: bf7c407c2cedff20999df2af8eb42d56 -> 
  custom:audio-encoder-webm-vorbis: bf7c407c2cedff20999df2af8eb42d56 -> 
========================================================================
Received Import Request.
  Time since last request: 29.981490 seconds.
  path: Assets/CreativeCore_Shaders/Scripts/DatatypeScript.cs
  artifactKey: Guid(aeca95e82027d6740a210cbf8587ea5f) Importer(815301076,1909f56bfc062723c751e8b465ee728b)
Start importing Assets/CreativeCore_Shaders/Scripts/DatatypeScript.cs using Guid(aeca95e82027d6740a210cbf8587ea5f) Importer(815301076,1909f56bfc062723c751e8b465ee728b)  -> (artifact id: '940e1667f149c8a13240ca7731e20f03') in 0.008741 seconds 
  Import took 0.013562 seconds .

========================================================================
Received Prepare
Registering precompiled user dll's ...
Registered in 0.004109 seconds.
Begin MonoManager ReloadAssembly
Native extension for WindowsStandalone target not found
Native extension for WebGL target not found
Refreshing native plugins compatible for Editor in 0.60 ms, found 2 plugins.
Preloading 0 native plugins for Editor in 0.00 ms.
Mono: successfully reloaded assembly
- Completed reload, in  0.994 seconds
Domain Reload Profiling:
	ReloadAssembly (994ms)
		BeginReloadAssembly (149ms)
			ExecutionOrderSort (0ms)
			DisableScriptedObjects (6ms)
			BackupInstance (0ms)
			ReleaseScriptingObjects (0ms)
			CreateAndSetChildDomain (43ms)
		EndReloadAssembly (780ms)
			LoadAssemblies (80ms)
			RebuildTransferFunctionScriptingTraits (0ms)
			SetupTypeCache (270ms)
			ReleaseScriptCaches (1ms)
			RebuildScriptCaches (57ms)
			SetupLoadedEditorAssemblies (264ms)
				LogAssemblyErrors (0ms)
				InitializePlatformSupportModulesInManaged (4ms)
				SetLoadedEditorAssemblies (0ms)
				RefreshPlugins (1ms)
				BeforeProcessingInitializeOnLoad (96ms)
				ProcessInitializeOnLoadAttributes (150ms)
				ProcessInitializeOnLoadMethodAttributes (8ms)
				AfterProcessingInitializeOnLoad (5ms)
				EditorAssembliesLoaded (0ms)
			ExecutionOrderSort2 (0ms)
			AwakeInstancesAfterBackupRestoration (12ms)
Platform modules already initialized, skipping
Refreshing native plugins compatible for Editor in 0.64 ms, found 2 plugins.
Preloading 0 native plugins for Editor in 0.00 ms.
Unloading 3214 Unused Serialized files (Serialized files now loaded: 0)
System memory in use before: 142.1 MB.
System memory in use after: 142.3 MB.

Unloading 15 unused Assets to reduce memory usage. Loaded Objects now: 3845.
Total: 3.019300 ms (FindLiveObjects: 0.311400 ms CreateObjectMapping: 0.099000 ms MarkObjects: 2.594600 ms  DeleteObjects: 0.013200 ms)

AssetImportParameters requested are different than current active one (requested -> active):
  custom:framework-win-MediaFoundation: 216162199b28c13a410421893ffa2e32 -> 
  custom:video-decoder-ogg-theora: a1e56fd34408186e4bbccfd4996cb3dc -> 
  custom:container-muxer-webm: aa71ff27fc2769a1b78a27578f13a17b -> 
  custom:container-demuxer-webm: 4f35f7cbe854078d1ac9338744f61a02 -> 
  custom:container-demuxer-ogg: 62fdf1f143b41e24485cea50d1cbac27 -> 
  custom:video-encoder-webm-vp8: eb34c28f22e8b96e1ab97ce403110664 -> 
  custom:video-decoder-webm-vp8: 9c59270c3fd7afecdb556c50c9e8de78 -> 
  custom:audio-decoder-ogg-vorbis: bf7c407c2cedff20999df2af8eb42d56 -> 
  custom:audio-encoder-webm-vorbis: bf7c407c2cedff20999df2af8eb42d56 -> 
========================================================================
Received Prepare
Registering precompiled user dll's ...
Registered in 0.004288 seconds.
Begin MonoManager ReloadAssembly
Native extension for WindowsStandalone target not found
Native extension for WebGL target not found
Refreshing native plugins compatible for Editor in 0.61 ms, found 2 plugins.
Preloading 0 native plugins for Editor in 0.00 ms.
Mono: successfully reloaded assembly
- Completed reload, in  0.935 seconds
Domain Reload Profiling:
	ReloadAssembly (935ms)
		BeginReloadAssembly (92ms)
			ExecutionOrderSort (0ms)
			DisableScriptedObjects (4ms)
			BackupInstance (0ms)
			ReleaseScriptingObjects (0ms)
			CreateAndSetChildDomain (29ms)
		EndReloadAssembly (790ms)
			LoadAssemblies (75ms)
			RebuildTransferFunctionScriptingTraits (0ms)
			SetupTypeCache (273ms)
			ReleaseScriptCaches (1ms)
			RebuildScriptCaches (58ms)
			SetupLoadedEditorAssemblies (266ms)
				LogAssemblyErrors (0ms)
				InitializePlatformSupportModulesInManaged (4ms)
				SetLoadedEditorAssemblies (0ms)
				RefreshPlugins (1ms)
				BeforeProcessingInitializeOnLoad (91ms)
				ProcessInitializeOnLoadAttributes (155ms)
				ProcessInitializeOnLoadMethodAttributes (8ms)
				AfterProcessingInitializeOnLoad (5ms)
				EditorAssembliesLoaded (0ms)
			ExecutionOrderSort2 (0ms)
			AwakeInstancesAfterBackupRestoration (13ms)
Platform modules already initialized, skipping
Refreshing native plugins compatible for Editor in 0.76 ms, found 2 plugins.
Preloading 0 native plugins for Editor in 0.00 ms.
Unloading 3214 Unused Serialized files (Serialized files now loaded: 0)
System memory in use before: 142.1 MB.
System memory in use after: 142.3 MB.

Unloading 15 unused Assets to reduce memory usage. Loaded Objects now: 3847.
Total: 3.451100 ms (FindLiveObjects: 0.279500 ms CreateObjectMapping: 0.082300 ms MarkObjects: 3.070400 ms  DeleteObjects: 0.017200 ms)

AssetImportParameters requested are different than current active one (requested -> active):
  custom:framework-win-MediaFoundation: 216162199b28c13a410421893ffa2e32 -> 
  custom:video-decoder-ogg-theora: a1e56fd34408186e4bbccfd4996cb3dc -> 
  custom:container-muxer-webm: aa71ff27fc2769a1b78a27578f13a17b -> 
  custom:container-demuxer-webm: 4f35f7cbe854078d1ac9338744f61a02 -> 
  custom:container-demuxer-ogg: 62fdf1f143b41e24485cea50d1cbac27 -> 
  custom:video-encoder-webm-vp8: eb34c28f22e8b96e1ab97ce403110664 -> 
  custom:video-decoder-webm-vp8: 9c59270c3fd7afecdb556c50c9e8de78 -> 
  custom:audio-decoder-ogg-vorbis: bf7c407c2cedff20999df2af8eb42d56 -> 
  custom:audio-encoder-webm-vorbis: bf7c407c2cedff20999df2af8eb42d56 -> 
========================================================================
Received Import Request.
  Time since last request: 4589.621482 seconds.
  path: Assets/CreativeCore_Shaders/Models/Apple.FBX
  artifactKey: Guid(5f0d530d48f8ee34fa8012b771731985) Importer(815301076,1909f56bfc062723c751e8b465ee728b)
Start importing Assets/CreativeCore_Shaders/Models/Apple.FBX using Guid(5f0d530d48f8ee34fa8012b771731985) Importer(815301076,1909f56bfc062723c751e8b465ee728b)  -> (artifact id: 'd996c4bd1e9dea921b1ee2252fae4603') in 0.786041 seconds 
  Import took 0.856699 seconds .

========================================================================
Received Import Request.
  Time since last request: 0.000146 seconds.
  path: Assets/CreativeCore_Shaders/Materials/AppleGreen.mat
  artifactKey: Guid(dfdbbf9f1ad2ce847885e3477d503408) Importer(815301076,1909f56bfc062723c751e8b465ee728b)
Start importing Assets/CreativeCore_Shaders/Materials/AppleGreen.mat using Guid(dfdbbf9f1ad2ce847885e3477d503408) Importer(815301076,1909f56bfc062723c751e8b465ee728b)  -> (artifact id: '124461a08b833f8211b949f417c02578') in 0.020738 seconds 
  Import took 0.025251 seconds .

========================================================================
Received Import Request.
  Time since last request: 0.000169 seconds.
  path: Assets/CreativeCore_Shaders/Materials/BlueMug.mat
  artifactKey: Guid(cc411d5554c088840a2e8eef029755f8) Importer(815301076,1909f56bfc062723c751e8b465ee728b)
Start importing Assets/CreativeCore_Shaders/Materials/BlueMug.mat using Guid(cc411d5554c088840a2e8eef029755f8) Importer(815301076,1909f56bfc062723c751e8b465ee728b)  -> (artifact id: 'd7bb5c4d6f89c0746deb88b7081f18e8') in 0.022302 seconds 
  Import took 0.027208 seconds .

========================================================================
Received Import Request.
  Time since last request: 0.000147 seconds.
  path: Assets/CreativeCore_Shaders/Materials/Characters/Ellen/Ellen_Eyes.mat
  artifactKey: Guid(fc14fcaf3cd73e641b94b89c70ce5f11) Importer(815301076,1909f56bfc062723c751e8b465ee728b)
Start importing Assets/CreativeCore_Shaders/Materials/Characters/Ellen/Ellen_Eyes.mat using Guid(fc14fcaf3cd73e641b94b89c70ce5f11) Importer(815301076,1909f56bfc062723c751e8b465ee728b)  -> (artifact id: '53ed50d14c8509b6c4240477a3ac7c85') in 0.039036 seconds 
  Import took 0.044131 seconds .

========================================================================
Received Import Request.
  Time since last request: 0.000181 seconds.
  path: Assets/CreativeCore_Shaders/Materials/Characters/Ellen/Ellen_Hair.mat
  artifactKey: Guid(f4c868f611aae16448d369b0bf66a723) Importer(815301076,1909f56bfc062723c751e8b465ee728b)
Start importing Assets/CreativeCore_Shaders/Materials/Characters/Ellen/Ellen_Hair.mat using Guid(f4c868f611aae16448d369b0bf66a723) Importer(815301076,1909f56bfc062723c751e8b465ee728b)  -> (artifact id: '82f65f7d05e0eac862fd52e657a129bd') in 0.057386 seconds 
  Import took 0.062109 seconds .

========================================================================
Received Import Request.
  Time since last request: 0.000151 seconds.
  path: Assets/CreativeCore_Shaders/Materials/GrayDoublesided.mat
  artifactKey: Guid(cf39a6fe1f036e44e84642dfc79c978e) Importer(815301076,1909f56bfc062723c751e8b465ee728b)
Start importing Assets/CreativeCore_Shaders/Materials/GrayDoublesided.mat using Guid(cf39a6fe1f036e44e84642dfc79c978e) Importer(815301076,1909f56bfc062723c751e8b465ee728b)  -> (artifact id: 'fae8b86b53efd42e018c1c1bb0a5ede1') in 0.018368 seconds 
  Import took 0.023636 seconds .

========================================================================
Received Import Request.
  Time since last request: 0.000151 seconds.
  path: Assets/CreativeCore_Shaders/Materials/GlassJar.mat
  artifactKey: Guid(58f219af4c234374a8ae83613dd5f1f1) Importer(815301076,1909f56bfc062723c751e8b465ee728b)
Start importing Assets/CreativeCore_Shaders/Materials/GlassJar.mat using Guid(58f219af4c234374a8ae83613dd5f1f1) Importer(815301076,1909f56bfc062723c751e8b465ee728b)  -> (artifact id: '10608cfc871b4528abc53925fff74e8e') in 0.013841 seconds 
  Import took 0.018578 seconds .

========================================================================
Received Import Request.
  Time since last request: 0.000171 seconds.
  path: Assets/CreativeCore_Shaders/Materials/Characters/Ellen/Ellen_Body.mat
  artifactKey: Guid(46ba9be6c4545f148aeea969a1f0bc1b) Importer(815301076,1909f56bfc062723c751e8b465ee728b)
Start importing Assets/CreativeCore_Shaders/Materials/Characters/Ellen/Ellen_Body.mat using Guid(46ba9be6c4545f148aeea969a1f0bc1b) Importer(815301076,1909f56bfc062723c751e8b465ee728b)  -> (artifact id: '5bb3f5be9f009179d93e6bc31d0665cf') in 0.100856 seconds 
  Import took 0.106226 seconds .

========================================================================
Received Import Request.
  Time since last request: 0.000195 seconds.
  path: Assets/CreativeCore_Shaders/Materials/Green.mat
  artifactKey: Guid(0a5d25fdb7fcc30448603b8cac251708) Importer(815301076,1909f56bfc062723c751e8b465ee728b)
Start importing Assets/CreativeCore_Shaders/Materials/Green.mat using Guid(0a5d25fdb7fcc30448603b8cac251708) Importer(815301076,1909f56bfc062723c751e8b465ee728b)  -> (artifact id: '20b0783844933294ce9c242496cc253a') in 0.017033 seconds 
  Import took 0.021927 seconds .

========================================================================
Received Import Request.
  Time since last request: 0.000174 seconds.
  path: Assets/CreativeCore_Shaders/Materials/Standard/Lemon.mat
  artifactKey: Guid(385b693634c3ed44494900a084afb3d7) Importer(815301076,1909f56bfc062723c751e8b465ee728b)
Start importing Assets/CreativeCore_Shaders/Materials/Standard/Lemon.mat using Guid(385b693634c3ed44494900a084afb3d7) Importer(815301076,1909f56bfc062723c751e8b465ee728b)  -> (artifact id: '7a5f29603d6f816f1ec1e4660fbc2f72') in 0.018149 seconds 
  Import took 0.023296 seconds .

========================================================================
Received Import Request.
  Time since last request: 0.000135 seconds.
  path: Assets/CreativeCore_Shaders/Materials/Blue.mat
  artifactKey: Guid(b40f8cf70e322a24f847311c87d496c5) Importer(815301076,1909f56bfc062723c751e8b465ee728b)
Start importing Assets/CreativeCore_Shaders/Materials/Blue.mat using Guid(b40f8cf70e322a24f847311c87d496c5) Importer(815301076,1909f56bfc062723c751e8b465ee728b)  -> (artifact id: '09f12ed31a2c121bc4ff72468f32e7a2') in 0.011707 seconds 
  Import took 0.016796 seconds .

========================================================================
Received Import Request.
  Time since last request: 0.000189 seconds.
  path: Assets/CreativeCore_Shaders/Materials/Black.mat
  artifactKey: Guid(1feb6d77695b9d347b4bfc7e23ad420c) Importer(815301076,1909f56bfc062723c751e8b465ee728b)
Start importing Assets/CreativeCore_Shaders/Materials/Black.mat using Guid(1feb6d77695b9d347b4bfc7e23ad420c) Importer(815301076,1909f56bfc062723c751e8b465ee728b)  -> (artifact id: 'dd0cd2f79e9ac06e08ba2bb76774d87f') in 0.013781 seconds 
  Import took 0.019209 seconds .

========================================================================
Received Import Request.
  Time since last request: 0.000208 seconds.
  path: Assets/CreativeCore_Shaders/Materials/Leaf.mat
  artifactKey: Guid(9d223f9da7c125846be0c78de71e5224) Importer(815301076,1909f56bfc062723c751e8b465ee728b)
Start importing Assets/CreativeCore_Shaders/Materials/Leaf.mat using Guid(9d223f9da7c125846be0c78de71e5224) Importer(815301076,1909f56bfc062723c751e8b465ee728b)  -> (artifact id: 'a722d456fa6e1759058b417b54561857') in 0.013202 seconds 
  Import took 0.018489 seconds .

========================================================================
Received Import Request.
  Time since last request: 0.000140 seconds.
  path: Assets/CreativeCore_Shaders/Materials/BlueSmooth.mat
  artifactKey: Guid(98872e32b691a434592c4edd96a0d5a4) Importer(815301076,1909f56bfc062723c751e8b465ee728b)
Start importing Assets/CreativeCore_Shaders/Materials/BlueSmooth.mat using Guid(98872e32b691a434592c4edd96a0d5a4) Importer(815301076,1909f56bfc062723c751e8b465ee728b)  -> (artifact id: '93af877f0ee686aca8c2fe200127219a') in 0.016971 seconds 
  Import took 0.021655 seconds .

========================================================================
Received Import Request.
  Time since last request: 0.000187 seconds.
  path: Assets/CreativeCore_Shaders/Materials/Characters/Ellen/Ellen_Eyelash.mat
  artifactKey: Guid(85fa26bd9b929a9498a495462f3b4c8a) Importer(815301076,1909f56bfc062723c751e8b465ee728b)
Start importing Assets/CreativeCore_Shaders/Materials/Characters/Ellen/Ellen_Eyelash.mat using Guid(85fa26bd9b929a9498a495462f3b4c8a) Importer(815301076,1909f56bfc062723c751e8b465ee728b)  -> (artifact id: 'e0ad33d64caee7f9625d19f77ab4347c') in 0.016644 seconds 
  Import took 0.022151 seconds .

========================================================================
Received Import Request.
  Time since last request: 0.000165 seconds.
  path: Assets/CreativeCore_Shaders/Materials/AppleRed 2.mat
  artifactKey: Guid(04de9a1c8d11a4b4fb72694f37afad27) Importer(815301076,1909f56bfc062723c751e8b465ee728b)
Start importing Assets/CreativeCore_Shaders/Materials/AppleRed 2.mat using Guid(04de9a1c8d11a4b4fb72694f37afad27) Importer(815301076,1909f56bfc062723c751e8b465ee728b)  -> (artifact id: '279ff9bebeb5b3ff08a70d5694785e5c') in 0.017314 seconds 
  Import took 0.023578 seconds .

========================================================================
Received Import Request.
  Time since last request: 0.000185 seconds.
  path: Assets/CreativeCore_Shaders/Materials/Chrome.mat
  artifactKey: Guid(70d19d5391ddccd47bcdc9bb2a9cb69f) Importer(815301076,1909f56bfc062723c751e8b465ee728b)
Start importing Assets/CreativeCore_Shaders/Materials/Chrome.mat using Guid(70d19d5391ddccd47bcdc9bb2a9cb69f) Importer(815301076,1909f56bfc062723c751e8b465ee728b)  -> (artifact id: '44dbc8a3711dc74776948e147e3032d4') in 0.017344 seconds 
  Import took 0.022611 seconds .

========================================================================
Received Import Request.
  Time since last request: 0.000146 seconds.
  path: Assets/CreativeCore_Shaders/ShaderGraphs/Dissolve.mat
  artifactKey: Guid(d83e4c2b350bdbc478c0753f1f944c31) Importer(815301076,1909f56bfc062723c751e8b465ee728b)
Start importing Assets/CreativeCore_Shaders/ShaderGraphs/Dissolve.mat using Guid(d83e4c2b350bdbc478c0753f1f944c31) Importer(815301076,1909f56bfc062723c751e8b465ee728b)  -> (artifact id: '4fc149edb63d948e61e77f8b7f432d90') in 0.547210 seconds 
  Import took 0.551768 seconds .

========================================================================
Received Import Request.
  Time since last request: 0.000177 seconds.
  path: Assets/CreativeCore_Shaders/Textures/Kettle/Materials/Kettle_A.mat
  artifactKey: Guid(ddff817a45ee8eb439a5192e7d5d6171) Importer(815301076,1909f56bfc062723c751e8b465ee728b)
Start importing Assets/CreativeCore_Shaders/Textures/Kettle/Materials/Kettle_A.mat using Guid(ddff817a45ee8eb439a5192e7d5d6171) Importer(815301076,1909f56bfc062723c751e8b465ee728b)  -> (artifact id: '53825dba8b60a4f4f7048fabf591af6d') in 0.025090 seconds 
  Import took 0.029909 seconds .

========================================================================
Received Import Request.
  Time since last request: 0.000142 seconds.
  path: Assets/CreativeCore_Shaders/Materials/AppleRed 3.mat
  artifactKey: Guid(f59389ca9c3399a4d9b278b2df28c445) Importer(815301076,1909f56bfc062723c751e8b465ee728b)
Start importing Assets/CreativeCore_Shaders/Materials/AppleRed 3.mat using Guid(f59389ca9c3399a4d9b278b2df28c445) Importer(815301076,1909f56bfc062723c751e8b465ee728b)  -> (artifact id: '044ddbad6ef939aa629248338156b000') in 0.032359 seconds 
  Import took 0.036654 seconds .

========================================================================
Received Import Request.
  Time since last request: 0.000136 seconds.
  path: Assets/CreativeCore_Shaders/Materials/Characters/Ellen/Ellen_Head.mat
  artifactKey: Guid(9ccf8b1016d42a84b953222267c693d9) Importer(815301076,1909f56bfc062723c751e8b465ee728b)
Start importing Assets/CreativeCore_Shaders/Materials/Characters/Ellen/Ellen_Head.mat using Guid(9ccf8b1016d42a84b953222267c693d9) Importer(815301076,1909f56bfc062723c751e8b465ee728b)  -> (artifact id: '03bdb2d1bf270b267498e68b6b13c437') in 0.059520 seconds 
  Import took 0.063923 seconds .

========================================================================
Received Import Request.
  Time since last request: 0.000150 seconds.
  path: Assets/CreativeCore_Shaders/Materials/Kettle.mat
  artifactKey: Guid(d22552beca6523f4cbbb8a7fe5512a4f) Importer(815301076,1909f56bfc062723c751e8b465ee728b)
Start importing Assets/CreativeCore_Shaders/Materials/Kettle.mat using Guid(d22552beca6523f4cbbb8a7fe5512a4f) Importer(815301076,1909f56bfc062723c751e8b465ee728b)  -> (artifact id: '19a2e3411aa6d74e0452881b7ab66e05') in 0.020184 seconds 
  Import took 0.024725 seconds .

========================================================================
Received Import Request.
  Time since last request: 0.000145 seconds.
  path: Assets/CreativeCore_Shaders/Materials/Standard/Green Solid.mat
  artifactKey: Guid(c90bf8c37a1bac1408e51ce82f4c7a7e) Importer(815301076,1909f56bfc062723c751e8b465ee728b)
Start importing Assets/CreativeCore_Shaders/Materials/Standard/Green Solid.mat using Guid(c90bf8c37a1bac1408e51ce82f4c7a7e) Importer(815301076,1909f56bfc062723c751e8b465ee728b)  -> (artifact id: '5ad138e53d2f1a283ec6851913cce207') in 0.218144 seconds 
  Import took 0.223220 seconds .

========================================================================
Received Import Request.
  Time since last request: 0.000269 seconds.
  path: Assets/CreativeCore_Shaders/Materials/ChainFence.mat
  artifactKey: Guid(5c015380d416cf9468cb6be2b1975d93) Importer(815301076,1909f56bfc062723c751e8b465ee728b)
Start importing Assets/CreativeCore_Shaders/Materials/ChainFence.mat using Guid(5c015380d416cf9468cb6be2b1975d93) Importer(815301076,1909f56bfc062723c751e8b465ee728b)  -> (artifact id: '189a3cb92386a4ede6fb2f7e172c9fc9') in 0.021435 seconds 
  Import took 0.026460 seconds .

